<?xml version="1.0" encoding="UTF-8"?>
<!-- Generated by org.testng.reporters.JUnitReportReporter -->
<testsuite hostname="MyPC" failures="0" tests="1" name="com.cb.tests.SettingsTest" time="133.643" errors="0" timestamp="2024-12-18T20:30:39 IST" skipped="0">
  <testcase classname="com.cb.tests.SettingsTest" name="verifyUserAbleToChangeTheOptionsInSettingsPage" time="133.643"/>
  <system-out/>
</testsuite> <!-- com.cb.tests.SettingsTest -->
