<?xml version="1.0" encoding="UTF-8"?>
<!-- Generated by org.testng.reporters.JUnitReportReporter -->
<testsuite hostname="MyPC" failures="0" tests="1" name="com.cb.tests.SettingsTest" time="91.623" errors="0" timestamp="2024-12-19T17:33:45 IST" skipped="0">
  <testcase classname="com.cb.tests.SettingsTest" name="verifyUserAbleToChangeTheOptionsInSettingsPage" time="91.623"/>
  <system-out/>
</testsuite> <!-- com.cb.tests.SettingsTest -->
