<?xml version="1.0" encoding="UTF-8"?>
<!-- Generated by org.testng.reporters.JUnitReportReporter -->
<testsuite hostname="MyPC" failures="0" tests="1" name="com.cb.tests.PropertiesTest" time="79.478" errors="0" timestamp="2024-11-28T18:52:27 IST" skipped="0">
  <testcase classname="com.cb.tests.PropertiesTest" name="searchingStaysInACity" time="79.478"/>
  <system-out/>
</testsuite> <!-- com.cb.tests.PropertiesTest -->
