<?xml version="1.0" encoding="UTF-8"?>
<!-- Generated by org.testng.reporters.JUnitReportReporter -->
<testsuite hostname="MyPC" failures="0" tests="1" name="com.cb.tests.MyBookingsTest" time="84.848" errors="0" timestamp="2024-11-28T14:57:56 IST" skipped="0">
  <testcase classname="com.cb.tests.MyBookingsTest" name="myBookingsFunctionality" time="84.848"/>
  <system-out/>
</testsuite> <!-- com.cb.tests.MyBookingsTest -->
