<?xml version="1.0" encoding="UTF-8"?>
<!-- Generated by org.testng.reporters.JUnitReportReporter -->
<testsuite hostname="MyPC" failures="0" tests="1" name="com.cb.tests.AboutTest" time="64.940" errors="0" timestamp="2024-12-10T14:53:18 IST" skipped="0">
  <testcase classname="com.cb.tests.AboutTest" name="verifyUserAbleToAccessTheAboutPage" time="64.940"/>
  <system-out/>
</testsuite> <!-- com.cb.tests.AboutTest -->
