<?xml version="1.0" encoding="UTF-8"?>
<!-- Generated by org.testng.reporters.JUnitReportReporter -->
<testsuite hostname="MyPC" failures="0" tests="1" name="com.cb.tests.HotelsTest" time="164.249" errors="0" timestamp="2024-12-18T20:30:39 IST" skipped="0">
  <testcase classname="com.cb.tests.HotelsTest" name="checkTheHotelDetails" time="164.249"/>
  <system-out/>
</testsuite> <!-- com.cb.tests.HotelsTest -->
