<?xml version="1.0" encoding="UTF-8"?>
<!-- Generated by org.testng.reporters.JUnitReportReporter -->
<testsuite hostname="MyPC" failures="0" tests="1" name="com.cb.tests.AboutTest" time="74.315" errors="0" timestamp="2024-12-19T15:16:42 IST" skipped="0">
  <testcase classname="com.cb.tests.AboutTest" name="verifyUserAbleToAccessTheAboutPage" time="74.315"/>
  <system-out/>
</testsuite> <!-- com.cb.tests.AboutTest -->
