<?xml version="1.0" encoding="UTF-8"?>
<!-- Generated by org.testng.reporters.JUnitReportReporter -->
<testsuite hostname="MyPC" failures="0" tests="1" name="com.cb.tests.AttractionsTest" time="84.612" errors="0" timestamp="2024-12-19T15:32:36 IST" skipped="0">
  <testcase classname="com.cb.tests.AttractionsTest" name="verifyTheCategoriesOfTheAttractionsPage" time="84.612"/>
  <system-out/>
</testsuite> <!-- com.cb.tests.AttractionsTest -->
