<?xml version="1.0" encoding="UTF-8"?>
<!-- Generated by org.testng.reporters.JUnitReportReporter -->
<testsuite hostname="MyPC" failures="0" tests="1" name="com.demo.first.BasePage" time="11.714" errors="0" timestamp="2024-06-24T19:31:36 IST" skipped="0">
  <testcase classname="com.demo.first.BasePage" name="openApp" time="11.714"/>
</testsuite> <!-- com.demo.first.BasePage -->
