<?xml version="1.0" encoding="UTF-8"?>
<!-- Generated by org.testng.reporters.JUnitReportReporter -->
<testsuite hostname="MyPC" failures="0" tests="1" name="com.cb.tests.Sample" time="0.023" errors="0" timestamp="2024-09-05T21:19:03 IST" skipped="0">
  <testcase classname="com.cb.tests.Sample" name="sample" time="0.023"/>
  <system-out/>
</testsuite> <!-- com.cb.tests.Sample -->
