<?xml version="1.0" encoding="UTF-8"?>
<!-- Generated by org.testng.reporters.JUnitReportReporter -->
<testsuite hostname="MyPC" failures="0" tests="1" name="com.cb.tests.ProfileTest" time="37.241" errors="0" timestamp="2024-12-19T15:50:19 IST" skipped="0">
  <testcase classname="com.cb.tests.ProfileTest" name="verifyTheProfilePage" time="37.241"/>
  <system-out/>
</testsuite> <!-- com.cb.tests.ProfileTest -->
