<?xml version="1.0" encoding="UTF-8"?>
<!-- Generated by org.testng.reporters.JUnitReportReporter -->
<testsuite hostname="MyPC" failures="0" tests="1" name="com.cb.tests.HotelsTest" time="137.705" errors="0" timestamp="2024-11-28T19:22:50 IST" skipped="0">
  <testcase classname="com.cb.tests.HotelsTest" name="checkTheHotelDetails" time="137.705"/>
  <system-out/>
</testsuite> <!-- com.cb.tests.HotelsTest -->
