<?xml version="1.0" encoding="UTF-8"?>
<!-- Generated by org.testng.reporters.JUnitReportReporter -->
<testsuite hostname="MyPC" failures="0" tests="1" name="com.cb.tests.HotelsTest" time="159.557" errors="0" timestamp="2024-12-12T15:33:46 IST" skipped="0">
  <testcase classname="com.cb.tests.HotelsTest" name="checkTheHotelDetails" time="159.557"/>
  <system-out/>
</testsuite> <!-- com.cb.tests.HotelsTest -->
