<?xml version="1.0" encoding="UTF-8"?>
<!-- Generated by org.testng.reporters.JUnitReportReporter -->
<testsuite hostname="MyPC" failures="0" tests="1" name="com.cb.tests.MyWalletTest" time="108.998" errors="0" timestamp="2024-12-17T15:06:27 IST" skipped="0">
  <testcase classname="com.cb.tests.MyWalletTest" name="verifyUserAbleToUpdateThePaymentInfoAndWithdrawTheMoney" time="108.998"/>
  <system-out/>
</testsuite> <!-- com.cb.tests.MyWalletTest -->
