<?xml version="1.0" encoding="UTF-8"?>
<!-- Generated by org.testng.reporters.JUnitReportReporter -->
<testsuite hostname="MyPC" failures="0" tests="1" name="com.cb.tests.AddingpropertyTest" time="217.433" errors="0" timestamp="2024-11-29T15:00:10 IST" skipped="0">
  <testcase classname="com.cb.tests.AddingpropertyTest" name="addingApropertyAsAHost" time="217.433"/>
  <system-out/>
</testsuite> <!-- com.cb.tests.AddingpropertyTest -->
