<?xml version="1.0" encoding="UTF-8"?>
<!-- Generated by org.testng.reporters.JUnitReportReporter -->
<testsuite hostname="MyPC" failures="0" tests="1" name="com.cb.tests.ProfileTest" time="80.540" errors="0" timestamp="2024-11-26T16:24:08 IST" skipped="0">
  <testcase classname="com.cb.tests.ProfileTest" name="verifyTheProfilePage" time="80.540"/>
  <system-out/>
</testsuite> <!-- com.cb.tests.ProfileTest -->
