<?xml version="1.0" encoding="UTF-8"?>
<!-- Generated by org.testng.reporters.JUnitReportReporter -->
<testsuite hostname="MyPC" failures="0" tests="1" name="com.cb.tests.WishlistTest" time="110.581" errors="0" timestamp="2024-12-12T14:56:16 IST" skipped="0">
  <testcase classname="com.cb.tests.WishlistTest" name="verifyUserAbleToAddAPropertyToWishlist" time="110.581"/>
  <system-out/>
</testsuite> <!-- com.cb.tests.WishlistTest -->
