<?xml version="1.0" encoding="UTF-8"?>
<!-- Generated by org.testng.reporters.JUnitReportReporter -->
<testsuite hostname="MyPC" failures="0" tests="1" name="com.cb.tests.LogoutTest" time="125.879" errors="0" timestamp="2024-12-18T20:30:39 IST" skipped="0">
  <testcase classname="com.cb.tests.LogoutTest" name="verifyUserAbleToLogout" time="125.879"/>
  <system-out/>
</testsuite> <!-- com.cb.tests.LogoutTest -->
