<?xml version="1.0" encoding="UTF-8"?>
<!-- Generated by org.testng.reporters.JUnitReportReporter -->
<testsuite hostname="MyPC" failures="0" tests="1" name="examples.ActionClass" time="11.605" errors="0" timestamp="2024-11-14T19:31:26 IST" skipped="0">
  <testcase classname="examples.ActionClass" name="method1" time="11.605"/>
  <system-out/>
</testsuite> <!-- examples.ActionClass -->
