<?xml version="1.0" encoding="UTF-8"?>
<!-- Generated by org.testng.reporters.JUnitReportReporter -->
<testsuite hostname="MyPC" failures="0" tests="1" name="com.cb.tests.SettingsTest" time="96.972" errors="0" timestamp="2024-12-10T14:53:18 IST" skipped="0">
  <testcase classname="com.cb.tests.SettingsTest" name="verifyUserAbleToChangeTheOptionsInSettingsPage" time="96.972"/>
  <system-out/>
</testsuite> <!-- com.cb.tests.SettingsTest -->
