<?xml version="1.0" encoding="UTF-8"?>
<!-- Generated by org.testng.reporters.JUnitReportReporter -->
<testsuite hostname="MyPC" failures="0" tests="1" name="com.cb.tests.WishlistTest" time="111.392" errors="0" timestamp="2024-11-28T15:16:27 IST" skipped="0">
  <testcase classname="com.cb.tests.WishlistTest" name="verifyUserAbleToAddAPropertyToWishlist" time="111.392"/>
  <system-out/>
</testsuite> <!-- com.cb.tests.WishlistTest -->
