<?xml version="1.0" encoding="UTF-8"?>
<!-- Generated by org.testng.reporters.JUnitReportReporter -->
<testsuite hostname="MyPC" failures="0" tests="1" name="com.cb.tests.LoginTest" time="88.224" errors="0" timestamp="2024-12-18T21:29:54 IST" skipped="0">
  <testcase classname="com.cb.tests.LoginTest" name="loginToTheApp" time="88.224"/>
  <system-out/>
</testsuite> <!-- com.cb.tests.LoginTest -->
