<?xml version="1.0" encoding="UTF-8"?>
<!-- Generated by org.testng.reporters.JUnitReportReporter -->
<testsuite hostname="MyPC" failures="0" tests="1" name="examples.TestNG" time="9.756" errors="0" timestamp="2024-11-19T16:21:25 IST" skipped="0">
  <testcase classname="examples.TestNG" name="clickOnLogin" time="9.756"/>
  <system-out/>
</testsuite> <!-- examples.TestNG -->
