<?xml version="1.0" encoding="UTF-8"?>
<!-- Generated by org.testng.reporters.JUnitReportReporter -->
<testsuite hostname="MyPC" failures="0" tests="1" name="com.cb.tests.RegisterTest" time="92.925" errors="0" timestamp="2024-12-19T17:29:34 IST" skipped="0">
  <testcase classname="com.cb.tests.RegisterTest" name="registerToTheApp" time="92.925"/>
  <system-out/>
</testsuite> <!-- com.cb.tests.RegisterTest -->
