<?xml version="1.0" encoding="UTF-8"?>
<!-- Generated by org.testng.reporters.JUnitReportReporter -->
<testsuite hostname="MyPC" failures="0" tests="1" name="com.cb.tests.LogoutTest" time="67.311" errors="0" timestamp="2024-12-10T14:53:18 IST" skipped="0">
  <testcase classname="com.cb.tests.LogoutTest" name="verifyUserAbleToLogout" time="67.311"/>
  <system-out/>
</testsuite> <!-- com.cb.tests.LogoutTest -->
