<?xml version="1.0" encoding="UTF-8"?>
<!-- Generated by org.testng.reporters.JUnitReportReporter -->
<testsuite hostname="MyPC" failures="0" tests="1" name="com.cb.tests.BookingTest" time="139.735" errors="0" timestamp="2024-11-26T16:24:08 IST" skipped="0">
  <testcase classname="com.cb.tests.BookingTest" name="bookingAStay" time="139.735"/>
  <system-out/>
</testsuite> <!-- com.cb.tests.BookingTest -->
