<?xml version="1.0" encoding="UTF-8"?>
<!-- Generated by org.testng.reporters.JUnitReportReporter -->
<testsuite hostname="MyPC" failures="0" tests="1" name="com.cb.tests.SettingsTest" time="90.560" errors="0" timestamp="2024-11-26T16:24:08 IST" skipped="0">
  <testcase classname="com.cb.tests.SettingsTest" name="verifyUserAbleToChangeTheOptionsInSettingsPage" time="90.560"/>
  <system-out/>
</testsuite> <!-- com.cb.tests.SettingsTest -->
