<?xml version="1.0" encoding="UTF-8"?>
<!-- Generated by org.testng.reporters.JUnitReportReporter -->
<testsuite hostname="MyPC" failures="0" tests="1" name="com.cb.tests.AttractionsTest" time="105.369" errors="0" timestamp="2024-12-10T14:53:18 IST" skipped="0">
  <testcase classname="com.cb.tests.AttractionsTest" name="verifyTheCategoriesOfTheAttractionsPage" time="105.369"/>
  <system-out/>
</testsuite> <!-- com.cb.tests.AttractionsTest -->
